Using pre-set license
Built from '2022.2/staging' branch; Version is '2022.2.11f1 (621cd60d08fd) revision 6429910'; Using compiler version '192829333'; Build Type 'Release'
OS: 'Windows 10  (10.0.19045) 64bit Core' Language: 'ru' Physical Memory: 10116 MB
BatchMode: 1, IsHumanControllingUs: 0, StartBugReporterOnCrash: 0, Is64bit: 1, IsPro: 1

COMMAND LINE ARGUMENTS:
D:\UnityHub\Unity\2022.2.11f1\Editor\Unity.exe
-adb2
-batchMode
-noUpm
-name
AssetImportWorker0
-projectPath
D:/UnityHub/Unity Projects/Spider
-logFile
Logs/AssetImportWorker0.log
-srvPort
60683
Successfully changed project path to: D:/UnityHub/Unity Projects/Spider
D:/UnityHub/Unity Projects/Spider
[UnityMemory] Configuration Parameters - Can be set up in boot.config
    "memorysetup-bucket-allocator-granularity=16"
    "memorysetup-bucket-allocator-bucket-count=8"
    "memorysetup-bucket-allocator-block-size=33554432"
    "memorysetup-bucket-allocator-block-count=8"
    "memorysetup-main-allocator-block-size=16777216"
    "memorysetup-thread-allocator-block-size=16777216"
    "memorysetup-gfx-main-allocator-block-size=16777216"
    "memorysetup-gfx-thread-allocator-block-size=16777216"
    "memorysetup-cache-allocator-block-size=4194304"
    "memorysetup-typetree-allocator-block-size=2097152"
    "memorysetup-profiler-bucket-allocator-granularity=16"
    "memorysetup-profiler-bucket-allocator-bucket-count=8"
    "memorysetup-profiler-bucket-allocator-block-size=33554432"
    "memorysetup-profiler-bucket-allocator-block-count=8"
    "memorysetup-profiler-allocator-block-size=16777216"
    "memorysetup-profiler-editor-allocator-block-size=1048576"
    "memorysetup-temp-allocator-size-main=16777216"
    "memorysetup-job-temp-allocator-block-size=2097152"
    "memorysetup-job-temp-allocator-block-size-background=1048576"
    "memorysetup-job-temp-allocator-reduction-small-platforms=262144"
    "memorysetup-temp-allocator-size-background-worker=32768"
    "memorysetup-temp-allocator-size-job-worker=262144"
    "memorysetup-temp-allocator-size-preload-manager=33554432"
    "memorysetup-temp-allocator-size-nav-mesh-worker=65536"
    "memorysetup-temp-allocator-size-audio-worker=65536"
    "memorysetup-temp-allocator-size-cloud-worker=32768"
    "memorysetup-temp-allocator-size-gi-baking-worker=262144"
    "memorysetup-temp-allocator-size-gfx=262144"
Player connection [3692] Host "[IP] 192.168.2.14 [Port] 0 [Flags] 2 [Guid] 2845557806 [EditorId] 2845557806 [Version] 1048832 [Id] WindowsEditor(7,DESKTOP-O4AOVUF) [Debug] 1 [PackageName] WindowsEditor [ProjectName] Editor" joined multi-casting on [225.0.0.222:54997]...

Player connection [3692] Host "[IP] 192.168.2.14 [Port] 0 [Flags] 2 [Guid] 2845557806 [EditorId] 2845557806 [Version] 1048832 [Id] WindowsEditor(7,DESKTOP-O4AOVUF) [Debug] 1 [PackageName] WindowsEditor [ProjectName] Editor" joined alternative multi-casting on [225.0.0.222:34997]...

Refreshing native plugins compatible for Editor in 385.22 ms, found 4 plugins.
Preloading 0 native plugins for Editor in 0.00 ms.
Initialize engine version: 2022.2.11f1 (621cd60d08fd)
[Subsystems] Discovering subsystems at path D:/UnityHub/Unity/2022.2.11f1/Editor/Data/Resources/UnitySubsystems
[Subsystems] Discovering subsystems at path D:/UnityHub/Unity Projects/Spider/Assets
GfxDevice: creating device client; threaded=0; jobified=0
Direct3D:
    Version:  Direct3D 11.0 [level 11.1]
    Renderer: AMD Radeon(TM) Graphics (ID=0x15d8)
    Vendor:   ATI
    VRAM:     5058 MB
    Driver:   31.0.12024.0
Initialize mono
Mono path[0] = 'D:/UnityHub/Unity/2022.2.11f1/Editor/Data/Managed'
Mono path[1] = 'D:/UnityHub/Unity/2022.2.11f1/Editor/Data/MonoBleedingEdge/lib/mono/unityjit-win32'
Mono config path = 'D:/UnityHub/Unity/2022.2.11f1/Editor/Data/MonoBleedingEdge/etc'
Using monoOptions --debugger-agent=transport=dt_socket,embedding=1,server=y,suspend=n,address=127.0.0.1:56636
Begin MonoManager ReloadAssembly
Registering precompiled unity dll's ...
Register platform support module: D:/UnityHub/Unity/2022.2.11f1/Editor/Data/PlaybackEngines/AndroidPlayer/UnityEditor.Android.Extensions.dll
Register platform support module: D:/UnityHub/Unity/2022.2.11f1/Editor/Data/PlaybackEngines/WindowsStandaloneSupport/UnityEditor.WindowsStandalone.Extensions.dll
Registered in 0.007648 seconds.
- Loaded All Assemblies, in  1.519 seconds
Native extension for WindowsStandalone target not found
Native extension for Android target not found
Android Extension - Scanning For ADB Devices 1709 ms
Mono: successfully reloaded assembly
- Finished resetting the current domain, in  2.359 seconds
Domain Reload Profiling:
	ReloadAssembly (920ms)
		BeginReloadAssembly (180ms)
			ExecutionOrderSort (0ms)
			DisableScriptedObjects (0ms)
			BackupInstance (0ms)
			ReleaseScriptingObjects (0ms)
			CreateAndSetChildDomain (1ms)
		LoadAllAssembliesAndSetupDomain (0ms)
			LoadAssemblies (179ms)
			RebuildTransferFunctionScriptingTraits (0ms)
			SetupTypeCache (594ms)
				TypeCache.Initialize (593ms)
					TypeCache.ScanAssembly (591ms)
				ResolveRequiredComponents (1ms)
		FinalizeReload (0ms)
			ReleaseScriptCaches (0ms)
			RebuildScriptCaches (0ms)
			SetupLoadedEditorAssemblies (2275ms)
				LogAssemblyErrors (0ms)
				InitializePlatformSupportModulesInManaged (1908ms)
				SetLoadedEditorAssemblies (5ms)
				RefreshPlugins (0ms)
				BeforeProcessingInitializeOnLoad (1ms)
				ProcessInitializeOnLoadAttributes (159ms)
				ProcessInitializeOnLoadMethodAttributes (202ms)
				AfterProcessingInitializeOnLoad (0ms)
				EditorAssembliesLoaded (0ms)
			ExecutionOrderSort2 (0ms)
			AwakeInstancesAfterBackupRestoration (0ms)
========================================================================
Worker process is ready to serve import requests
Begin MonoManager ReloadAssembly
Symbol file LoadedFromMemory doesn't match image D:\UnityHub\Unity Projects\Spider\Library\PackageCache\com.unity.visualscripting@1.8.0\Editor\VisualScripting.Core\Dependencies\YamlDotNet\Unity.VisualScripting.YamlDotNet.dll
Symbol file LoadedFromMemory doesn't match image D:\UnityHub\Unity Projects\Spider\Library\PackageCache\com.unity.visualscripting@1.8.0\Editor\VisualScripting.Core\Dependencies\DotNetZip\Unity.VisualScripting.IonicZip.dll
- Loaded All Assemblies, in  7.190 seconds
Refreshing native plugins compatible for Editor in 4.60 ms, found 4 plugins.
Native extension for WindowsStandalone target not found
Native extension for Android target not found
Mono: successfully reloaded assembly
- Finished resetting the current domain, in  1.005 seconds
Domain Reload Profiling:
	ReloadAssembly (286ms)
		BeginReloadAssembly (177ms)
			ExecutionOrderSort (0ms)
			DisableScriptedObjects (8ms)
			BackupInstance (0ms)
			ReleaseScriptingObjects (0ms)
			CreateAndSetChildDomain (28ms)
		LoadAllAssembliesAndSetupDomain (6904ms)
			LoadAssemblies (6197ms)
			RebuildTransferFunctionScriptingTraits (0ms)
			SetupTypeCache (795ms)
				TypeCache.Initialize (752ms)
					TypeCache.ScanAssembly (746ms)
				ResolveRequiredComponents (8ms)
		FinalizeReload (0ms)
			ReleaseScriptCaches (0ms)
			RebuildScriptCaches (0ms)
			SetupLoadedEditorAssemblies (687ms)
				LogAssemblyErrors (0ms)
				InitializePlatformSupportModulesInManaged (27ms)
				SetLoadedEditorAssemblies (5ms)
				RefreshPlugins (0ms)
				BeforeProcessingInitializeOnLoad (119ms)
				ProcessInitializeOnLoadAttributes (472ms)
				ProcessInitializeOnLoadMethodAttributes (61ms)
				AfterProcessingInitializeOnLoad (4ms)
				EditorAssembliesLoaded (0ms)
			ExecutionOrderSort2 (0ms)
			AwakeInstancesAfterBackupRestoration (9ms)
Launched and connected shader compiler UnityShaderCompiler.exe after 0.60 seconds
Refreshing native plugins compatible for Editor in 4.21 ms, found 4 plugins.
Preloading 0 native plugins for Editor in 0.00 ms.
Unloading 4269 Unused Serialized files (Serialized files now loaded: 0)
Unloading 67 unused Assets / (255.2 KB). Loaded Objects now: 4727.
Memory consumption went from 136.3 MB to 136.0 MB.
Total: 4.251700 ms (FindLiveObjects: 0.399600 ms CreateObjectMapping: 0.133600 ms MarkObjects: 3.449800 ms  DeleteObjects: 0.267300 ms)

AssetImportParameters requested are different than current active one (requested -> active):
  custom:scripting/monoscript/fileName/IncomingChangesTab.cs: 8f6297df34271fdb1ce2d9607ec6261d -> af2f8b65a736cbc2c6197311f8f8caf3
  custom:scripting/monoscript/fileName/SSOSignUpPanel.cs: 90647cc400823b41df847a6cbfc29026 -> 00da4eb954d981fc242771326acec48d
  custom:scripting/monoscript/fileName/IncomingChangesNotifier.cs: 8f6297df34271fdb1ce2d9607ec6261d -> 10fad815611441fb3a805150421ed991
  custom:container-demuxer-ogg: 62fdf1f143b41e24485cea50d1cbac27 -> 
  custom:scripting/monoscript/fileName/ProgressControlsForDialogs.cs: a53f96815da50de15010b1c479bc70cf -> 7e6bd1727985204e3b64e1946e589b1c
  custom:scripting/monoscript/fileName/SSOCredentialsDialog.cs: 90647cc400823b41df847a6cbfc29026 -> e140ede12a96f68f30062138385171c3
  custom:scripting/monoscript/fileName/RepositoriesListView.cs: 90647cc400823b41df847a6cbfc29026 -> 95287f65338ca0073ad04002a16eaaf7
  custom:video-decoder-ogg-theora: a1e56fd34408186e4bbccfd4996cb3dc -> 
  custom:framework-win-MediaFoundation: 216162199b28c13a410421893ffa2e32 -> 
  custom:scripting/monoscript/fileName/ProgressControlsForViews.cs: 0cdf409b5aa8d4c25876d72b5c6a3b60 -> a8a18a90f46aa63848e1e45d8d7ff9af
  custom:scripting/monoscript/fileName/MissingEncryptionPasswordPromptHandler.cs: 90647cc400823b41df847a6cbfc29026 -> 5d7b9646eb14a39b6d3d5bab19d266ff
  custom:scripting/monoscript/fileName/NotificationBar.cs: 0cdf409b5aa8d4c25876d72b5c6a3b60 -> 0daf459fa0c4269b16bcc20cd072c021
  custom:scripting/monoscript/fileName/UnityThreadWaiter.cs: 0cdf409b5aa8d4c25876d72b5c6a3b60 -> 99333406d92d10003984b4d1920de2f9
  custom:scripting/monoscript/fileName/HistoryTab.cs: 90647cc400823b41df847a6cbfc29026 -> d57f000c65fde42a2228c7a105a836e5
  custom:scripting/monoscript/fileName/CreateRepositoryDialog.cs: 90647cc400823b41df847a6cbfc29026 -> 5cec3e66b09e0dbe1f805953c5c64af9
  custom:scripting/monoscript/fileName/ViewSwitcher.cs: 90647cc400823b41df847a6cbfc29026 -> 1700c042de8c16a5c0f6851d66df802a
  custom:container-demuxer-webm: 4f35f7cbe854078d1ac9338744f61a02 -> 
  custom:scripting/monoscript/fileName/UpdateReportDialog.cs: d1628edb27b556e9e45af714e1b3ce2e -> 087837d8f73228f1a817d0de82c77260
  custom:scripting/monoscript/fileName/LaunchCheckinConflictsDialog.cs: 90647cc400823b41df847a6cbfc29026 -> e2c1e3f8f4e14a62e4363fe6259adbc2
  custom:scripting/monoscript/fileName/CreateWorkspaceView.cs: 5e2ab9cfe81e04de31d18dbafae66b8c -> cbf3c69f5881e5d607955d2a7373572a
  custom:scripting/monoscript/fileName/NCalcParser.cs: db61961eecf05360f8f4faca73024b2f -> 8e26acbdb2328e839bb63f98d07bd324
  custom:scripting/monoscript/fileName/CheckinDialog.cs: 0cdf409b5aa8d4c25876d72b5c6a3b60 -> 702fdb8d0a3b4bfcb9ba109e71325cad
  custom:container-muxer-webm: aa71ff27fc2769a1b78a27578f13a17b -> 
  custom:scripting/monoscript/fileName/EditorProgressControls.cs: 90647cc400823b41df847a6cbfc29026 -> 2e606eb01a6e6a567f3de9a0379ed3ae
  custom:video-decoder-webm-vp8: 9c59270c3fd7afecdb556c50c9e8de78 -> 
  custom:scripting/monoscript/fileName/ChangesetsTab.cs: 0cdf409b5aa8d4c25876d72b5c6a3b60 -> 46dde8f7856048792ad2e75490bb8c5e
  custom:AudioImporter_EditorPlatform: d09bf68614088b80899f8185d706f6e7 -> 
  custom:scripting/monoscript/fileName/CreateOrganizationPanel.cs: 90647cc400823b41df847a6cbfc29026 -> bbfc737d286a85f982dda65d32a76753
  custom:scripting/monoscript/fileName/DiffPanel.cs: 90647cc400823b41df847a6cbfc29026 -> 210366dab3631628227b9406f87a9b7f
  custom:scripting/monoscript/fileName/ProgressOperationHandler.cs: 8da79525110cdcf421ce08e37577cfbc -> ec62666c0ca1649dd33cc6bc6834c6f7
  custom:scripting/monoscript/fileName/UnityPlasticTimer.cs: 0cdf409b5aa8d4c25876d72b5c6a3b60 -> 6c887e722e951c2964523825cad70c4c
  custom:scripting/monoscript/fileName/ConfirmContinueWithPendingChangesDialog.cs: 0fd6c484965f7cb9b268e798298a9886 -> 77462b1904ad8f6fee2f8da4523d59fe
  custom:scripting/monoscript/fileName/ChannelCertificateUiImpl.cs: 90647cc400823b41df847a6cbfc29026 -> cefccf1e13b7bcf15e3c9f2dd4cd2fc8
  custom:scripting/monoscript/fileName/RepositoryExplorerDialog.cs: 0cdf409b5aa8d4c25876d72b5c6a3b60 -> eea34924da79ad7254f3e141a891c78d
  custom:video-encoder-webm-vp8: eb34c28f22e8b96e1ab97ce403110664 -> 
  custom:scripting/monoscript/fileName/AutoLogin.cs: 90647cc400823b41df847a6cbfc29026 -> cac363a2d5471994de278e71f937b032
  custom:audio-decoder-ogg-vorbis: bf7c407c2cedff20999df2af8eb42d56 -> 
  custom:scripting/monoscript/fileName/LaunchDependenciesDialog.cs: 90647cc400823b41df847a6cbfc29026 -> 2cabf22eb95430074b6c730a84e03493
  custom:scripting/monoscript/fileName/CloudEditionWelcomeWindow.cs: c1777a498406cd95bc755aaf92ab946f -> b1721e471183956468462f6b64901640
  custom:scripting/monoscript/fileName/CredentialsUIImpl.cs: 90647cc400823b41df847a6cbfc29026 -> dbacf67c37819fd95562fe169e706732
  custom:scripting/monoscript/fileName/UnityPlasticGuiMessage.cs: 90647cc400823b41df847a6cbfc29026 -> 24eef0792e3802809607a7f9d04b8f1d
  custom:scripting/monoscript/fileName/BranchesTab.cs: 90647cc400823b41df847a6cbfc29026 -> 57c33f76c527a5aba4d269245ffff188
  custom:audio-encoder-webm-vorbis: bf7c407c2cedff20999df2af8eb42d56 -> 
========================================================================
Received Prepare
Begin MonoManager ReloadAssembly
Symbol file LoadedFromMemory doesn't match image D:\UnityHub\Unity Projects\Spider\Library\PackageCache\com.unity.visualscripting@1.8.0\Editor\VisualScripting.Core\Dependencies\YamlDotNet\Unity.VisualScripting.YamlDotNet.dll
Symbol file LoadedFromMemory doesn't match image D:\UnityHub\Unity Projects\Spider\Library\PackageCache\com.unity.visualscripting@1.8.0\Editor\VisualScripting.Core\Dependencies\DotNetZip\Unity.VisualScripting.IonicZip.dll
- Loaded All Assemblies, in  0.947 seconds
Refreshing native plugins compatible for Editor in 4.82 ms, found 4 plugins.
Native extension for WindowsStandalone target not found
Native extension for Android target not found
Mono: successfully reloaded assembly
- Finished resetting the current domain, in  1.361 seconds
Domain Reload Profiling:
	ReloadAssembly (286ms)
		BeginReloadAssembly (185ms)
			ExecutionOrderSort (0ms)
			DisableScriptedObjects (10ms)
			BackupInstance (0ms)
			ReleaseScriptingObjects (0ms)
			CreateAndSetChildDomain (49ms)
		LoadAllAssembliesAndSetupDomain (659ms)
			LoadAssemblies (344ms)
			RebuildTransferFunctionScriptingTraits (0ms)
			SetupTypeCache (404ms)
				TypeCache.Initialize (395ms)
					TypeCache.ScanAssembly (387ms)
				ResolveRequiredComponents (9ms)
		FinalizeReload (0ms)
			ReleaseScriptCaches (0ms)
			RebuildScriptCaches (0ms)
			SetupLoadedEditorAssemblies (560ms)
				LogAssemblyErrors (0ms)
				InitializePlatformSupportModulesInManaged (26ms)
				SetLoadedEditorAssemblies (4ms)
				RefreshPlugins (0ms)
				BeforeProcessingInitializeOnLoad (110ms)
				ProcessInitializeOnLoadAttributes (358ms)
				ProcessInitializeOnLoadMethodAttributes (55ms)
				AfterProcessingInitializeOnLoad (5ms)
				EditorAssembliesLoaded (0ms)
			ExecutionOrderSort2 (0ms)
			AwakeInstancesAfterBackupRestoration (16ms)
Refreshing native plugins compatible for Editor in 4.29 ms, found 4 plugins.
Preloading 0 native plugins for Editor in 0.00 ms.
Unloading 4258 Unused Serialized files (Serialized files now loaded: 0)
Unloading 41 unused Assets / (224.6 KB). Loaded Objects now: 4730.
Memory consumption went from 134.3 MB to 134.1 MB.
Total: 5.361200 ms (FindLiveObjects: 0.504300 ms CreateObjectMapping: 0.328500 ms MarkObjects: 4.243800 ms  DeleteObjects: 0.283000 ms)

Prepare: number of updated asset objects reloaded= 0
AssetImportParameters requested are different than current active one (requested -> active):
  custom:scripting/monoscript/fileName/IncomingChangesTab.cs: 8f6297df34271fdb1ce2d9607ec6261d -> af2f8b65a736cbc2c6197311f8f8caf3
  custom:scripting/monoscript/fileName/SSOSignUpPanel.cs: 90647cc400823b41df847a6cbfc29026 -> 00da4eb954d981fc242771326acec48d
  custom:scripting/monoscript/fileName/IncomingChangesNotifier.cs: 8f6297df34271fdb1ce2d9607ec6261d -> 10fad815611441fb3a805150421ed991
  custom:container-demuxer-ogg: 62fdf1f143b41e24485cea50d1cbac27 -> 
  custom:scripting/monoscript/fileName/ProgressControlsForDialogs.cs: a53f96815da50de15010b1c479bc70cf -> 7e6bd1727985204e3b64e1946e589b1c
  custom:scripting/monoscript/fileName/SSOCredentialsDialog.cs: 90647cc400823b41df847a6cbfc29026 -> e140ede12a96f68f30062138385171c3
  custom:scripting/monoscript/fileName/RepositoriesListView.cs: 90647cc400823b41df847a6cbfc29026 -> 95287f65338ca0073ad04002a16eaaf7
  custom:video-decoder-ogg-theora: a1e56fd34408186e4bbccfd4996cb3dc -> 
  custom:framework-win-MediaFoundation: 216162199b28c13a410421893ffa2e32 -> 
  custom:scripting/monoscript/fileName/ProgressControlsForViews.cs: 0cdf409b5aa8d4c25876d72b5c6a3b60 -> a8a18a90f46aa63848e1e45d8d7ff9af
  custom:scripting/monoscript/fileName/MissingEncryptionPasswordPromptHandler.cs: 90647cc400823b41df847a6cbfc29026 -> 5d7b9646eb14a39b6d3d5bab19d266ff
  custom:scripting/monoscript/fileName/NotificationBar.cs: 0cdf409b5aa8d4c25876d72b5c6a3b60 -> 0daf459fa0c4269b16bcc20cd072c021
  custom:scripting/monoscript/fileName/UnityThreadWaiter.cs: 0cdf409b5aa8d4c25876d72b5c6a3b60 -> 99333406d92d10003984b4d1920de2f9
  custom:scripting/monoscript/fileName/HistoryTab.cs: 90647cc400823b41df847a6cbfc29026 -> d57f000c65fde42a2228c7a105a836e5
  custom:scripting/monoscript/fileName/CreateRepositoryDialog.cs: 90647cc400823b41df847a6cbfc29026 -> 5cec3e66b09e0dbe1f805953c5c64af9
  custom:scripting/monoscript/fileName/ViewSwitcher.cs: 90647cc400823b41df847a6cbfc29026 -> 1700c042de8c16a5c0f6851d66df802a
  custom:container-demuxer-webm: 4f35f7cbe854078d1ac9338744f61a02 -> 
  custom:scripting/monoscript/fileName/UpdateReportDialog.cs: d1628edb27b556e9e45af714e1b3ce2e -> 087837d8f73228f1a817d0de82c77260
  custom:scripting/monoscript/fileName/LaunchCheckinConflictsDialog.cs: 90647cc400823b41df847a6cbfc29026 -> e2c1e3f8f4e14a62e4363fe6259adbc2
  custom:scripting/monoscript/fileName/CreateWorkspaceView.cs: 5e2ab9cfe81e04de31d18dbafae66b8c -> cbf3c69f5881e5d607955d2a7373572a
  custom:scripting/monoscript/fileName/NCalcParser.cs: db61961eecf05360f8f4faca73024b2f -> 8e26acbdb2328e839bb63f98d07bd324
  custom:scripting/monoscript/fileName/CheckinDialog.cs: 0cdf409b5aa8d4c25876d72b5c6a3b60 -> 702fdb8d0a3b4bfcb9ba109e71325cad
  custom:container-muxer-webm: aa71ff27fc2769a1b78a27578f13a17b -> 
  custom:scripting/monoscript/fileName/EditorProgressControls.cs: 90647cc400823b41df847a6cbfc29026 -> 2e606eb01a6e6a567f3de9a0379ed3ae
  custom:video-decoder-webm-vp8: 9c59270c3fd7afecdb556c50c9e8de78 -> 
  custom:scripting/monoscript/fileName/ChangesetsTab.cs: 0cdf409b5aa8d4c25876d72b5c6a3b60 -> 46dde8f7856048792ad2e75490bb8c5e
  custom:AudioImporter_EditorPlatform: d09bf68614088b80899f8185d706f6e7 -> 
  custom:scripting/monoscript/fileName/CreateOrganizationPanel.cs: 90647cc400823b41df847a6cbfc29026 -> bbfc737d286a85f982dda65d32a76753
  custom:scripting/monoscript/fileName/DiffPanel.cs: 90647cc400823b41df847a6cbfc29026 -> 210366dab3631628227b9406f87a9b7f
  custom:scripting/monoscript/fileName/ProgressOperationHandler.cs: 8da79525110cdcf421ce08e37577cfbc -> ec62666c0ca1649dd33cc6bc6834c6f7
  custom:scripting/monoscript/fileName/UnityPlasticTimer.cs: 0cdf409b5aa8d4c25876d72b5c6a3b60 -> 6c887e722e951c2964523825cad70c4c
  custom:scripting/monoscript/fileName/ConfirmContinueWithPendingChangesDialog.cs: 0fd6c484965f7cb9b268e798298a9886 -> 77462b1904ad8f6fee2f8da4523d59fe
  custom:scripting/monoscript/fileName/ChannelCertificateUiImpl.cs: 90647cc400823b41df847a6cbfc29026 -> cefccf1e13b7bcf15e3c9f2dd4cd2fc8
  custom:scripting/monoscript/fileName/RepositoryExplorerDialog.cs: 0cdf409b5aa8d4c25876d72b5c6a3b60 -> eea34924da79ad7254f3e141a891c78d
  custom:video-encoder-webm-vp8: eb34c28f22e8b96e1ab97ce403110664 -> 
  custom:scripting/monoscript/fileName/AutoLogin.cs: 90647cc400823b41df847a6cbfc29026 -> cac363a2d5471994de278e71f937b032
  custom:audio-decoder-ogg-vorbis: bf7c407c2cedff20999df2af8eb42d56 -> 
  custom:scripting/monoscript/fileName/LaunchDependenciesDialog.cs: 90647cc400823b41df847a6cbfc29026 -> 2cabf22eb95430074b6c730a84e03493
  custom:scripting/monoscript/fileName/CloudEditionWelcomeWindow.cs: c1777a498406cd95bc755aaf92ab946f -> b1721e471183956468462f6b64901640
  custom:scripting/monoscript/fileName/CredentialsUIImpl.cs: 90647cc400823b41df847a6cbfc29026 -> dbacf67c37819fd95562fe169e706732
  custom:scripting/monoscript/fileName/UnityPlasticGuiMessage.cs: 90647cc400823b41df847a6cbfc29026 -> 24eef0792e3802809607a7f9d04b8f1d
  custom:scripting/monoscript/fileName/BranchesTab.cs: 90647cc400823b41df847a6cbfc29026 -> 57c33f76c527a5aba4d269245ffff188
  custom:audio-encoder-webm-vorbis: bf7c407c2cedff20999df2af8eb42d56 -> 
========================================================================
Received Prepare
Begin MonoManager ReloadAssembly
Symbol file LoadedFromMemory doesn't match image D:\UnityHub\Unity Projects\Spider\Library\PackageCache\com.unity.visualscripting@1.8.0\Editor\VisualScripting.Core\Dependencies\YamlDotNet\Unity.VisualScripting.YamlDotNet.dll
Symbol file LoadedFromMemory doesn't match image D:\UnityHub\Unity Projects\Spider\Library\PackageCache\com.unity.visualscripting@1.8.0\Editor\VisualScripting.Core\Dependencies\DotNetZip\Unity.VisualScripting.IonicZip.dll
- Loaded All Assemblies, in  1.109 seconds
Refreshing native plugins compatible for Editor in 5.99 ms, found 4 plugins.
Native extension for WindowsStandalone target not found
Native extension for Android target not found
Mono: successfully reloaded assembly
- Finished resetting the current domain, in  1.511 seconds
Domain Reload Profiling:
	ReloadAssembly (356ms)
		BeginReloadAssembly (238ms)
			ExecutionOrderSort (0ms)
			DisableScriptedObjects (14ms)
			BackupInstance (0ms)
			ReleaseScriptingObjects (0ms)
			CreateAndSetChildDomain (61ms)
		LoadAllAssembliesAndSetupDomain (753ms)
			LoadAssemblies (403ms)
			RebuildTransferFunctionScriptingTraits (0ms)
			SetupTypeCache (470ms)
				TypeCache.Initialize (460ms)
					TypeCache.ScanAssembly (451ms)
				ResolveRequiredComponents (10ms)
		FinalizeReload (0ms)
			ReleaseScriptCaches (0ms)
			RebuildScriptCaches (0ms)
			SetupLoadedEditorAssemblies (711ms)
				LogAssemblyErrors (0ms)
				InitializePlatformSupportModulesInManaged (35ms)
				SetLoadedEditorAssemblies (6ms)
				RefreshPlugins (0ms)
				BeforeProcessingInitializeOnLoad (118ms)
				ProcessInitializeOnLoadAttributes (478ms)
				ProcessInitializeOnLoadMethodAttributes (68ms)
				AfterProcessingInitializeOnLoad (6ms)
				EditorAssembliesLoaded (0ms)
			ExecutionOrderSort2 (0ms)
			AwakeInstancesAfterBackupRestoration (19ms)
Refreshing native plugins compatible for Editor in 6.29 ms, found 4 plugins.
Preloading 0 native plugins for Editor in 0.00 ms.
Unloading 4258 Unused Serialized files (Serialized files now loaded: 0)
Unloading 41 unused Assets / (224.7 KB). Loaded Objects now: 4733.
Memory consumption went from 133.9 MB to 133.7 MB.
Total: 7.142300 ms (FindLiveObjects: 0.643000 ms CreateObjectMapping: 0.448900 ms MarkObjects: 5.674900 ms  DeleteObjects: 0.373700 ms)

Prepare: number of updated asset objects reloaded= 0
AssetImportParameters requested are different than current active one (requested -> active):
  custom:scripting/monoscript/fileName/IncomingChangesTab.cs: 8f6297df34271fdb1ce2d9607ec6261d -> af2f8b65a736cbc2c6197311f8f8caf3
  custom:scripting/monoscript/fileName/SSOSignUpPanel.cs: 90647cc400823b41df847a6cbfc29026 -> 00da4eb954d981fc242771326acec48d
  custom:scripting/monoscript/fileName/IncomingChangesNotifier.cs: 8f6297df34271fdb1ce2d9607ec6261d -> 10fad815611441fb3a805150421ed991
  custom:container-demuxer-ogg: 62fdf1f143b41e24485cea50d1cbac27 -> 
  custom:scripting/monoscript/fileName/ProgressControlsForDialogs.cs: a53f96815da50de15010b1c479bc70cf -> 7e6bd1727985204e3b64e1946e589b1c
  custom:scripting/monoscript/fileName/SSOCredentialsDialog.cs: 90647cc400823b41df847a6cbfc29026 -> e140ede12a96f68f30062138385171c3
  custom:scripting/monoscript/fileName/RepositoriesListView.cs: 90647cc400823b41df847a6cbfc29026 -> 95287f65338ca0073ad04002a16eaaf7
  custom:video-decoder-ogg-theora: a1e56fd34408186e4bbccfd4996cb3dc -> 
  custom:framework-win-MediaFoundation: 216162199b28c13a410421893ffa2e32 -> 
  custom:scripting/monoscript/fileName/ProgressControlsForViews.cs: 0cdf409b5aa8d4c25876d72b5c6a3b60 -> a8a18a90f46aa63848e1e45d8d7ff9af
  custom:scripting/monoscript/fileName/MissingEncryptionPasswordPromptHandler.cs: 90647cc400823b41df847a6cbfc29026 -> 5d7b9646eb14a39b6d3d5bab19d266ff
  custom:scripting/monoscript/fileName/NotificationBar.cs: 0cdf409b5aa8d4c25876d72b5c6a3b60 -> 0daf459fa0c4269b16bcc20cd072c021
  custom:scripting/monoscript/fileName/UnityThreadWaiter.cs: 0cdf409b5aa8d4c25876d72b5c6a3b60 -> 99333406d92d10003984b4d1920de2f9
  custom:scripting/monoscript/fileName/HistoryTab.cs: 90647cc400823b41df847a6cbfc29026 -> d57f000c65fde42a2228c7a105a836e5
  custom:scripting/monoscript/fileName/CreateRepositoryDialog.cs: 90647cc400823b41df847a6cbfc29026 -> 5cec3e66b09e0dbe1f805953c5c64af9
  custom:scripting/monoscript/fileName/ViewSwitcher.cs: 90647cc400823b41df847a6cbfc29026 -> 1700c042de8c16a5c0f6851d66df802a
  custom:container-demuxer-webm: 4f35f7cbe854078d1ac9338744f61a02 -> 
  custom:scripting/monoscript/fileName/UpdateReportDialog.cs: d1628edb27b556e9e45af714e1b3ce2e -> 087837d8f73228f1a817d0de82c77260
  custom:scripting/monoscript/fileName/LaunchCheckinConflictsDialog.cs: 90647cc400823b41df847a6cbfc29026 -> e2c1e3f8f4e14a62e4363fe6259adbc2
  custom:scripting/monoscript/fileName/CreateWorkspaceView.cs: 5e2ab9cfe81e04de31d18dbafae66b8c -> cbf3c69f5881e5d607955d2a7373572a
  custom:scripting/monoscript/fileName/NCalcParser.cs: db61961eecf05360f8f4faca73024b2f -> 8e26acbdb2328e839bb63f98d07bd324
  custom:scripting/monoscript/fileName/CheckinDialog.cs: 0cdf409b5aa8d4c25876d72b5c6a3b60 -> 702fdb8d0a3b4bfcb9ba109e71325cad
  custom:container-muxer-webm: aa71ff27fc2769a1b78a27578f13a17b -> 
  custom:scripting/monoscript/fileName/EditorProgressControls.cs: 90647cc400823b41df847a6cbfc29026 -> 2e606eb01a6e6a567f3de9a0379ed3ae
  custom:video-decoder-webm-vp8: 9c59270c3fd7afecdb556c50c9e8de78 -> 
  custom:scripting/monoscript/fileName/ChangesetsTab.cs: 0cdf409b5aa8d4c25876d72b5c6a3b60 -> 46dde8f7856048792ad2e75490bb8c5e
  custom:AudioImporter_EditorPlatform: d09bf68614088b80899f8185d706f6e7 -> 
  custom:scripting/monoscript/fileName/CreateOrganizationPanel.cs: 90647cc400823b41df847a6cbfc29026 -> bbfc737d286a85f982dda65d32a76753
  custom:scripting/monoscript/fileName/DiffPanel.cs: 90647cc400823b41df847a6cbfc29026 -> 210366dab3631628227b9406f87a9b7f
  custom:scripting/monoscript/fileName/ProgressOperationHandler.cs: 8da79525110cdcf421ce08e37577cfbc -> ec62666c0ca1649dd33cc6bc6834c6f7
  custom:scripting/monoscript/fileName/UnityPlasticTimer.cs: 0cdf409b5aa8d4c25876d72b5c6a3b60 -> 6c887e722e951c2964523825cad70c4c
  custom:scripting/monoscript/fileName/ConfirmContinueWithPendingChangesDialog.cs: 0fd6c484965f7cb9b268e798298a9886 -> 77462b1904ad8f6fee2f8da4523d59fe
  custom:scripting/monoscript/fileName/ChannelCertificateUiImpl.cs: 90647cc400823b41df847a6cbfc29026 -> cefccf1e13b7bcf15e3c9f2dd4cd2fc8
  custom:scripting/monoscript/fileName/RepositoryExplorerDialog.cs: 0cdf409b5aa8d4c25876d72b5c6a3b60 -> eea34924da79ad7254f3e141a891c78d
  custom:video-encoder-webm-vp8: eb34c28f22e8b96e1ab97ce403110664 -> 
  custom:scripting/monoscript/fileName/AutoLogin.cs: 90647cc400823b41df847a6cbfc29026 -> cac363a2d5471994de278e71f937b032
  custom:audio-decoder-ogg-vorbis: bf7c407c2cedff20999df2af8eb42d56 -> 
  custom:scripting/monoscript/fileName/LaunchDependenciesDialog.cs: 90647cc400823b41df847a6cbfc29026 -> 2cabf22eb95430074b6c730a84e03493
  custom:scripting/monoscript/fileName/CloudEditionWelcomeWindow.cs: c1777a498406cd95bc755aaf92ab946f -> b1721e471183956468462f6b64901640
  custom:scripting/monoscript/fileName/CredentialsUIImpl.cs: 90647cc400823b41df847a6cbfc29026 -> dbacf67c37819fd95562fe169e706732
  custom:scripting/monoscript/fileName/UnityPlasticGuiMessage.cs: 90647cc400823b41df847a6cbfc29026 -> 24eef0792e3802809607a7f9d04b8f1d
  custom:scripting/monoscript/fileName/BranchesTab.cs: 90647cc400823b41df847a6cbfc29026 -> 57c33f76c527a5aba4d269245ffff188
  custom:audio-encoder-webm-vorbis: bf7c407c2cedff20999df2af8eb42d56 -> 
========================================================================
Received Prepare
Begin MonoManager ReloadAssembly
Symbol file LoadedFromMemory doesn't match image D:\UnityHub\Unity Projects\Spider\Library\PackageCache\com.unity.visualscripting@1.8.0\Editor\VisualScripting.Core\Dependencies\YamlDotNet\Unity.VisualScripting.YamlDotNet.dll
Symbol file LoadedFromMemory doesn't match image D:\UnityHub\Unity Projects\Spider\Library\PackageCache\com.unity.visualscripting@1.8.0\Editor\VisualScripting.Core\Dependencies\DotNetZip\Unity.VisualScripting.IonicZip.dll
- Loaded All Assemblies, in  1.189 seconds
Refreshing native plugins compatible for Editor in 5.85 ms, found 4 plugins.
Native extension for WindowsStandalone target not found
Native extension for Android target not found
Mono: successfully reloaded assembly
- Finished resetting the current domain, in  1.326 seconds
Domain Reload Profiling:
	ReloadAssembly (372ms)
		BeginReloadAssembly (228ms)
			ExecutionOrderSort (0ms)
			DisableScriptedObjects (11ms)
			BackupInstance (0ms)
			ReleaseScriptingObjects (0ms)
			CreateAndSetChildDomain (65ms)
		LoadAllAssembliesAndSetupDomain (814ms)
			LoadAssemblies (426ms)
			RebuildTransferFunctionScriptingTraits (0ms)
			SetupTypeCache (488ms)
				TypeCache.Initialize (468ms)
					TypeCache.ScanAssembly (457ms)
				ResolveRequiredComponents (12ms)
		FinalizeReload (0ms)
			ReleaseScriptCaches (0ms)
			RebuildScriptCaches (0ms)
			SetupLoadedEditorAssemblies (573ms)
				LogAssemblyErrors (0ms)
				InitializePlatformSupportModulesInManaged (30ms)
				SetLoadedEditorAssemblies (5ms)
				RefreshPlugins (0ms)
				BeforeProcessingInitializeOnLoad (113ms)
				ProcessInitializeOnLoadAttributes (363ms)
				ProcessInitializeOnLoadMethodAttributes (57ms)
				AfterProcessingInitializeOnLoad (6ms)
				EditorAssembliesLoaded (0ms)
			ExecutionOrderSort2 (0ms)
			AwakeInstancesAfterBackupRestoration (16ms)
Refreshing native plugins compatible for Editor in 4.52 ms, found 4 plugins.
Preloading 0 native plugins for Editor in 0.00 ms.
Unloading 4258 Unused Serialized files (Serialized files now loaded: 0)
Unloading 41 unused Assets / (224.7 KB). Loaded Objects now: 4736.
Memory consumption went from 133.9 MB to 133.7 MB.
Total: 5.177500 ms (FindLiveObjects: 0.489900 ms CreateObjectMapping: 0.227700 ms MarkObjects: 4.188300 ms  DeleteObjects: 0.269700 ms)

Prepare: number of updated asset objects reloaded= 0
AssetImportParameters requested are different than current active one (requested -> active):
  custom:scripting/monoscript/fileName/IncomingChangesTab.cs: 8f6297df34271fdb1ce2d9607ec6261d -> af2f8b65a736cbc2c6197311f8f8caf3
  custom:scripting/monoscript/fileName/SSOSignUpPanel.cs: 90647cc400823b41df847a6cbfc29026 -> 00da4eb954d981fc242771326acec48d
  custom:scripting/monoscript/fileName/IncomingChangesNotifier.cs: 8f6297df34271fdb1ce2d9607ec6261d -> 10fad815611441fb3a805150421ed991
  custom:container-demuxer-ogg: 62fdf1f143b41e24485cea50d1cbac27 -> 
  custom:scripting/monoscript/fileName/ProgressControlsForDialogs.cs: a53f96815da50de15010b1c479bc70cf -> 7e6bd1727985204e3b64e1946e589b1c
  custom:scripting/monoscript/fileName/SSOCredentialsDialog.cs: 90647cc400823b41df847a6cbfc29026 -> e140ede12a96f68f30062138385171c3
  custom:scripting/monoscript/fileName/RepositoriesListView.cs: 90647cc400823b41df847a6cbfc29026 -> 95287f65338ca0073ad04002a16eaaf7
  custom:video-decoder-ogg-theora: a1e56fd34408186e4bbccfd4996cb3dc -> 
  custom:framework-win-MediaFoundation: 216162199b28c13a410421893ffa2e32 -> 
  custom:scripting/monoscript/fileName/ProgressControlsForViews.cs: 0cdf409b5aa8d4c25876d72b5c6a3b60 -> a8a18a90f46aa63848e1e45d8d7ff9af
  custom:scripting/monoscript/fileName/MissingEncryptionPasswordPromptHandler.cs: 90647cc400823b41df847a6cbfc29026 -> 5d7b9646eb14a39b6d3d5bab19d266ff
  custom:scripting/monoscript/fileName/NotificationBar.cs: 0cdf409b5aa8d4c25876d72b5c6a3b60 -> 0daf459fa0c4269b16bcc20cd072c021
  custom:scripting/monoscript/fileName/UnityThreadWaiter.cs: 0cdf409b5aa8d4c25876d72b5c6a3b60 -> 99333406d92d10003984b4d1920de2f9
  custom:scripting/monoscript/fileName/HistoryTab.cs: 90647cc400823b41df847a6cbfc29026 -> d57f000c65fde42a2228c7a105a836e5
  custom:scripting/monoscript/fileName/CreateRepositoryDialog.cs: 90647cc400823b41df847a6cbfc29026 -> 5cec3e66b09e0dbe1f805953c5c64af9
  custom:scripting/monoscript/fileName/ViewSwitcher.cs: 90647cc400823b41df847a6cbfc29026 -> 1700c042de8c16a5c0f6851d66df802a
  custom:container-demuxer-webm: 4f35f7cbe854078d1ac9338744f61a02 -> 
  custom:scripting/monoscript/fileName/UpdateReportDialog.cs: d1628edb27b556e9e45af714e1b3ce2e -> 087837d8f73228f1a817d0de82c77260
  custom:scripting/monoscript/fileName/LaunchCheckinConflictsDialog.cs: 90647cc400823b41df847a6cbfc29026 -> e2c1e3f8f4e14a62e4363fe6259adbc2
  custom:scripting/monoscript/fileName/CreateWorkspaceView.cs: 5e2ab9cfe81e04de31d18dbafae66b8c -> cbf3c69f5881e5d607955d2a7373572a
  custom:scripting/monoscript/fileName/NCalcParser.cs: db61961eecf05360f8f4faca73024b2f -> 8e26acbdb2328e839bb63f98d07bd324
  custom:scripting/monoscript/fileName/CheckinDialog.cs: 0cdf409b5aa8d4c25876d72b5c6a3b60 -> 702fdb8d0a3b4bfcb9ba109e71325cad
  custom:container-muxer-webm: aa71ff27fc2769a1b78a27578f13a17b -> 
  custom:scripting/monoscript/fileName/EditorProgressControls.cs: 90647cc400823b41df847a6cbfc29026 -> 2e606eb01a6e6a567f3de9a0379ed3ae
  custom:video-decoder-webm-vp8: 9c59270c3fd7afecdb556c50c9e8de78 -> 
  custom:scripting/monoscript/fileName/ChangesetsTab.cs: 0cdf409b5aa8d4c25876d72b5c6a3b60 -> 46dde8f7856048792ad2e75490bb8c5e
  custom:AudioImporter_EditorPlatform: d09bf68614088b80899f8185d706f6e7 -> 
  custom:scripting/monoscript/fileName/CreateOrganizationPanel.cs: 90647cc400823b41df847a6cbfc29026 -> bbfc737d286a85f982dda65d32a76753
  custom:scripting/monoscript/fileName/DiffPanel.cs: 90647cc400823b41df847a6cbfc29026 -> 210366dab3631628227b9406f87a9b7f
  custom:scripting/monoscript/fileName/ProgressOperationHandler.cs: 8da79525110cdcf421ce08e37577cfbc -> ec62666c0ca1649dd33cc6bc6834c6f7
  custom:scripting/monoscript/fileName/UnityPlasticTimer.cs: 0cdf409b5aa8d4c25876d72b5c6a3b60 -> 6c887e722e951c2964523825cad70c4c
  custom:scripting/monoscript/fileName/ConfirmContinueWithPendingChangesDialog.cs: 0fd6c484965f7cb9b268e798298a9886 -> 77462b1904ad8f6fee2f8da4523d59fe
  custom:scripting/monoscript/fileName/ChannelCertificateUiImpl.cs: 90647cc400823b41df847a6cbfc29026 -> cefccf1e13b7bcf15e3c9f2dd4cd2fc8
  custom:scripting/monoscript/fileName/RepositoryExplorerDialog.cs: 0cdf409b5aa8d4c25876d72b5c6a3b60 -> eea34924da79ad7254f3e141a891c78d
  custom:video-encoder-webm-vp8: eb34c28f22e8b96e1ab97ce403110664 -> 
  custom:scripting/monoscript/fileName/AutoLogin.cs: 90647cc400823b41df847a6cbfc29026 -> cac363a2d5471994de278e71f937b032
  custom:audio-decoder-ogg-vorbis: bf7c407c2cedff20999df2af8eb42d56 -> 
  custom:scripting/monoscript/fileName/LaunchDependenciesDialog.cs: 90647cc400823b41df847a6cbfc29026 -> 2cabf22eb95430074b6c730a84e03493
  custom:scripting/monoscript/fileName/CloudEditionWelcomeWindow.cs: c1777a498406cd95bc755aaf92ab946f -> b1721e471183956468462f6b64901640
  custom:scripting/monoscript/fileName/CredentialsUIImpl.cs: 90647cc400823b41df847a6cbfc29026 -> dbacf67c37819fd95562fe169e706732
  custom:scripting/monoscript/fileName/UnityPlasticGuiMessage.cs: 90647cc400823b41df847a6cbfc29026 -> 24eef0792e3802809607a7f9d04b8f1d
  custom:scripting/monoscript/fileName/BranchesTab.cs: 90647cc400823b41df847a6cbfc29026 -> 57c33f76c527a5aba4d269245ffff188
  custom:audio-encoder-webm-vorbis: bf7c407c2cedff20999df2af8eb42d56 -> 
========================================================================
Received Prepare
Begin MonoManager ReloadAssembly
Symbol file LoadedFromMemory doesn't match image D:\UnityHub\Unity Projects\Spider\Library\PackageCache\com.unity.visualscripting@1.8.0\Editor\VisualScripting.Core\Dependencies\YamlDotNet\Unity.VisualScripting.YamlDotNet.dll
Symbol file LoadedFromMemory doesn't match image D:\UnityHub\Unity Projects\Spider\Library\PackageCache\com.unity.visualscripting@1.8.0\Editor\VisualScripting.Core\Dependencies\DotNetZip\Unity.VisualScripting.IonicZip.dll
- Loaded All Assemblies, in  1.304 seconds
Refreshing native plugins compatible for Editor in 4.55 ms, found 4 plugins.
Native extension for WindowsStandalone target not found
Native extension for Android target not found
Mono: successfully reloaded assembly
- Finished resetting the current domain, in  1.908 seconds
Domain Reload Profiling:
	ReloadAssembly (410ms)
		BeginReloadAssembly (247ms)
			ExecutionOrderSort (0ms)
			DisableScriptedObjects (10ms)
			BackupInstance (0ms)
			ReleaseScriptingObjects (0ms)
			CreateAndSetChildDomain (66ms)
		LoadAllAssembliesAndSetupDomain (891ms)
			LoadAssemblies (476ms)
			RebuildTransferFunctionScriptingTraits (0ms)
			SetupTypeCache (541ms)
				TypeCache.Initialize (530ms)
					TypeCache.ScanAssembly (516ms)
				ResolveRequiredComponents (12ms)
		FinalizeReload (0ms)
			ReleaseScriptCaches (0ms)
			RebuildScriptCaches (0ms)
			SetupLoadedEditorAssemblies (858ms)
				LogAssemblyErrors (0ms)
				InitializePlatformSupportModulesInManaged (39ms)
				SetLoadedEditorAssemblies (9ms)
				RefreshPlugins (0ms)
				BeforeProcessingInitializeOnLoad (195ms)
				ProcessInitializeOnLoadAttributes (543ms)
				ProcessInitializeOnLoadMethodAttributes (66ms)
				AfterProcessingInitializeOnLoad (5ms)
				EditorAssembliesLoaded (0ms)
			ExecutionOrderSort2 (0ms)
			AwakeInstancesAfterBackupRestoration (20ms)
Refreshing native plugins compatible for Editor in 6.79 ms, found 4 plugins.
Preloading 0 native plugins for Editor in 0.00 ms.
Unloading 4258 Unused Serialized files (Serialized files now loaded: 0)
Unloading 41 unused Assets / (225.6 KB). Loaded Objects now: 4739.
Memory consumption went from 133.9 MB to 133.7 MB.
Total: 10.575900 ms (FindLiveObjects: 0.667500 ms CreateObjectMapping: 0.319800 ms MarkObjects: 9.211900 ms  DeleteObjects: 0.374100 ms)

Prepare: number of updated asset objects reloaded= 0
AssetImportParameters requested are different than current active one (requested -> active):
  custom:scripting/monoscript/fileName/IncomingChangesTab.cs: 8f6297df34271fdb1ce2d9607ec6261d -> af2f8b65a736cbc2c6197311f8f8caf3
  custom:scripting/monoscript/fileName/SSOSignUpPanel.cs: 90647cc400823b41df847a6cbfc29026 -> 00da4eb954d981fc242771326acec48d
  custom:scripting/monoscript/fileName/IncomingChangesNotifier.cs: 8f6297df34271fdb1ce2d9607ec6261d -> 10fad815611441fb3a805150421ed991
  custom:container-demuxer-ogg: 62fdf1f143b41e24485cea50d1cbac27 -> 
  custom:scripting/monoscript/fileName/ProgressControlsForDialogs.cs: a53f96815da50de15010b1c479bc70cf -> 7e6bd1727985204e3b64e1946e589b1c
  custom:scripting/monoscript/fileName/SSOCredentialsDialog.cs: 90647cc400823b41df847a6cbfc29026 -> e140ede12a96f68f30062138385171c3
  custom:scripting/monoscript/fileName/RepositoriesListView.cs: 90647cc400823b41df847a6cbfc29026 -> 95287f65338ca0073ad04002a16eaaf7
  custom:video-decoder-ogg-theora: a1e56fd34408186e4bbccfd4996cb3dc -> 
  custom:framework-win-MediaFoundation: 216162199b28c13a410421893ffa2e32 -> 
  custom:scripting/monoscript/fileName/ProgressControlsForViews.cs: 0cdf409b5aa8d4c25876d72b5c6a3b60 -> a8a18a90f46aa63848e1e45d8d7ff9af
  custom:scripting/monoscript/fileName/MissingEncryptionPasswordPromptHandler.cs: 90647cc400823b41df847a6cbfc29026 -> 5d7b9646eb14a39b6d3d5bab19d266ff
  custom:scripting/monoscript/fileName/NotificationBar.cs: 0cdf409b5aa8d4c25876d72b5c6a3b60 -> 0daf459fa0c4269b16bcc20cd072c021
  custom:scripting/monoscript/fileName/UnityThreadWaiter.cs: 0cdf409b5aa8d4c25876d72b5c6a3b60 -> 99333406d92d10003984b4d1920de2f9
  custom:scripting/monoscript/fileName/HistoryTab.cs: 90647cc400823b41df847a6cbfc29026 -> d57f000c65fde42a2228c7a105a836e5
  custom:scripting/monoscript/fileName/CreateRepositoryDialog.cs: 90647cc400823b41df847a6cbfc29026 -> 5cec3e66b09e0dbe1f805953c5c64af9
  custom:scripting/monoscript/fileName/ViewSwitcher.cs: 90647cc400823b41df847a6cbfc29026 -> 1700c042de8c16a5c0f6851d66df802a
  custom:container-demuxer-webm: 4f35f7cbe854078d1ac9338744f61a02 -> 
  custom:scripting/monoscript/fileName/UpdateReportDialog.cs: d1628edb27b556e9e45af714e1b3ce2e -> 087837d8f73228f1a817d0de82c77260
  custom:scripting/monoscript/fileName/LaunchCheckinConflictsDialog.cs: 90647cc400823b41df847a6cbfc29026 -> e2c1e3f8f4e14a62e4363fe6259adbc2
  custom:scripting/monoscript/fileName/CreateWorkspaceView.cs: 5e2ab9cfe81e04de31d18dbafae66b8c -> cbf3c69f5881e5d607955d2a7373572a
  custom:scripting/monoscript/fileName/NCalcParser.cs: db61961eecf05360f8f4faca73024b2f -> 8e26acbdb2328e839bb63f98d07bd324
  custom:scripting/monoscript/fileName/CheckinDialog.cs: 0cdf409b5aa8d4c25876d72b5c6a3b60 -> 702fdb8d0a3b4bfcb9ba109e71325cad
  custom:container-muxer-webm: aa71ff27fc2769a1b78a27578f13a17b -> 
  custom:scripting/monoscript/fileName/EditorProgressControls.cs: 90647cc400823b41df847a6cbfc29026 -> 2e606eb01a6e6a567f3de9a0379ed3ae
  custom:video-decoder-webm-vp8: 9c59270c3fd7afecdb556c50c9e8de78 -> 
  custom:scripting/monoscript/fileName/ChangesetsTab.cs: 0cdf409b5aa8d4c25876d72b5c6a3b60 -> 46dde8f7856048792ad2e75490bb8c5e
  custom:AudioImporter_EditorPlatform: d09bf68614088b80899f8185d706f6e7 -> 
  custom:scripting/monoscript/fileName/CreateOrganizationPanel.cs: 90647cc400823b41df847a6cbfc29026 -> bbfc737d286a85f982dda65d32a76753
  custom:scripting/monoscript/fileName/DiffPanel.cs: 90647cc400823b41df847a6cbfc29026 -> 210366dab3631628227b9406f87a9b7f
  custom:scripting/monoscript/fileName/ProgressOperationHandler.cs: 8da79525110cdcf421ce08e37577cfbc -> ec62666c0ca1649dd33cc6bc6834c6f7
  custom:scripting/monoscript/fileName/UnityPlasticTimer.cs: 0cdf409b5aa8d4c25876d72b5c6a3b60 -> 6c887e722e951c2964523825cad70c4c
  custom:scripting/monoscript/fileName/ConfirmContinueWithPendingChangesDialog.cs: 0fd6c484965f7cb9b268e798298a9886 -> 77462b1904ad8f6fee2f8da4523d59fe
  custom:scripting/monoscript/fileName/ChannelCertificateUiImpl.cs: 90647cc400823b41df847a6cbfc29026 -> cefccf1e13b7bcf15e3c9f2dd4cd2fc8
  custom:scripting/monoscript/fileName/RepositoryExplorerDialog.cs: 0cdf409b5aa8d4c25876d72b5c6a3b60 -> eea34924da79ad7254f3e141a891c78d
  custom:video-encoder-webm-vp8: eb34c28f22e8b96e1ab97ce403110664 -> 
  custom:scripting/monoscript/fileName/AutoLogin.cs: 90647cc400823b41df847a6cbfc29026 -> cac363a2d5471994de278e71f937b032
  custom:audio-decoder-ogg-vorbis: bf7c407c2cedff20999df2af8eb42d56 -> 
  custom:scripting/monoscript/fileName/LaunchDependenciesDialog.cs: 90647cc400823b41df847a6cbfc29026 -> 2cabf22eb95430074b6c730a84e03493
  custom:scripting/monoscript/fileName/CloudEditionWelcomeWindow.cs: c1777a498406cd95bc755aaf92ab946f -> b1721e471183956468462f6b64901640
  custom:scripting/monoscript/fileName/CredentialsUIImpl.cs: 90647cc400823b41df847a6cbfc29026 -> dbacf67c37819fd95562fe169e706732
  custom:scripting/monoscript/fileName/UnityPlasticGuiMessage.cs: 90647cc400823b41df847a6cbfc29026 -> 24eef0792e3802809607a7f9d04b8f1d
  custom:scripting/monoscript/fileName/BranchesTab.cs: 90647cc400823b41df847a6cbfc29026 -> 57c33f76c527a5aba4d269245ffff188
  custom:audio-encoder-webm-vorbis: bf7c407c2cedff20999df2af8eb42d56 -> 
========================================================================
Received Prepare
Begin MonoManager ReloadAssembly
Symbol file LoadedFromMemory doesn't match image D:\UnityHub\Unity Projects\Spider\Library\PackageCache\com.unity.visualscripting@1.8.0\Editor\VisualScripting.Core\Dependencies\YamlDotNet\Unity.VisualScripting.YamlDotNet.dll
Symbol file LoadedFromMemory doesn't match image D:\UnityHub\Unity Projects\Spider\Library\PackageCache\com.unity.visualscripting@1.8.0\Editor\VisualScripting.Core\Dependencies\DotNetZip\Unity.VisualScripting.IonicZip.dll
- Loaded All Assemblies, in  1.433 seconds
Refreshing native plugins compatible for Editor in 3.81 ms, found 4 plugins.
Native extension for WindowsStandalone target not found
Native extension for Android target not found
Mono: successfully reloaded assembly
- Finished resetting the current domain, in  2.170 seconds
Domain Reload Profiling:
	ReloadAssembly (583ms)
		BeginReloadAssembly (369ms)
			ExecutionOrderSort (0ms)
			DisableScriptedObjects (17ms)
			BackupInstance (0ms)
			ReleaseScriptingObjects (0ms)
			CreateAndSetChildDomain (84ms)
		LoadAllAssembliesAndSetupDomain (848ms)
			LoadAssemblies (543ms)
			RebuildTransferFunctionScriptingTraits (0ms)
			SetupTypeCache (518ms)
				TypeCache.Initialize (506ms)
					TypeCache.ScanAssembly (498ms)
				ResolveRequiredComponents (6ms)
		FinalizeReload (0ms)
			ReleaseScriptCaches (0ms)
			RebuildScriptCaches (0ms)
			SetupLoadedEditorAssemblies (931ms)
				LogAssemblyErrors (0ms)
				InitializePlatformSupportModulesInManaged (42ms)
				SetLoadedEditorAssemblies (5ms)
				RefreshPlugins (0ms)
				BeforeProcessingInitializeOnLoad (328ms)
				ProcessInitializeOnLoadAttributes (499ms)
				ProcessInitializeOnLoadMethodAttributes (52ms)
				AfterProcessingInitializeOnLoad (5ms)
				EditorAssembliesLoaded (0ms)
			ExecutionOrderSort2 (0ms)
			AwakeInstancesAfterBackupRestoration (12ms)
Script is not up to date after domain reload: guid(825d2ee6aeae9844790fd7dbef4c6f8b) path("Assets/Scripts/Input/CardMoves.cs") state(2)
Refreshing native plugins compatible for Editor in 4.47 ms, found 4 plugins.
Preloading 0 native plugins for Editor in 0.00 ms.
Unloading 4257 Unused Serialized files (Serialized files now loaded: 0)
Unloading 41 unused Assets / (224.6 KB). Loaded Objects now: 4741.
Memory consumption went from 133.9 MB to 133.7 MB.
Total: 6.288400 ms (FindLiveObjects: 0.514100 ms CreateObjectMapping: 0.220600 ms MarkObjects: 5.193000 ms  DeleteObjects: 0.358900 ms)

Prepare: number of updated asset objects reloaded= 0
AssetImportParameters requested are different than current active one (requested -> active):
  custom:scripting/monoscript/fileName/IncomingChangesTab.cs: 8f6297df34271fdb1ce2d9607ec6261d -> af2f8b65a736cbc2c6197311f8f8caf3
  custom:scripting/monoscript/fileName/SSOSignUpPanel.cs: 90647cc400823b41df847a6cbfc29026 -> 00da4eb954d981fc242771326acec48d
  custom:scripting/monoscript/fileName/IncomingChangesNotifier.cs: 8f6297df34271fdb1ce2d9607ec6261d -> 10fad815611441fb3a805150421ed991
  custom:container-demuxer-ogg: 62fdf1f143b41e24485cea50d1cbac27 -> 
  custom:scripting/monoscript/fileName/ProgressControlsForDialogs.cs: a53f96815da50de15010b1c479bc70cf -> 7e6bd1727985204e3b64e1946e589b1c
  custom:scripting/monoscript/fileName/SSOCredentialsDialog.cs: 90647cc400823b41df847a6cbfc29026 -> e140ede12a96f68f30062138385171c3
  custom:scripting/monoscript/fileName/RepositoriesListView.cs: 90647cc400823b41df847a6cbfc29026 -> 95287f65338ca0073ad04002a16eaaf7
  custom:video-decoder-ogg-theora: a1e56fd34408186e4bbccfd4996cb3dc -> 
  custom:framework-win-MediaFoundation: 216162199b28c13a410421893ffa2e32 -> 
  custom:scripting/monoscript/fileName/ProgressControlsForViews.cs: 0cdf409b5aa8d4c25876d72b5c6a3b60 -> a8a18a90f46aa63848e1e45d8d7ff9af
  custom:scripting/monoscript/fileName/MissingEncryptionPasswordPromptHandler.cs: 90647cc400823b41df847a6cbfc29026 -> 5d7b9646eb14a39b6d3d5bab19d266ff
  custom:scripting/monoscript/fileName/NotificationBar.cs: 0cdf409b5aa8d4c25876d72b5c6a3b60 -> 0daf459fa0c4269b16bcc20cd072c021
  custom:scripting/monoscript/fileName/UnityThreadWaiter.cs: 0cdf409b5aa8d4c25876d72b5c6a3b60 -> 99333406d92d10003984b4d1920de2f9
  custom:scripting/monoscript/fileName/HistoryTab.cs: 90647cc400823b41df847a6cbfc29026 -> d57f000c65fde42a2228c7a105a836e5
  custom:scripting/monoscript/fileName/CreateRepositoryDialog.cs: 90647cc400823b41df847a6cbfc29026 -> 5cec3e66b09e0dbe1f805953c5c64af9
  custom:scripting/monoscript/fileName/ViewSwitcher.cs: 90647cc400823b41df847a6cbfc29026 -> 1700c042de8c16a5c0f6851d66df802a
  custom:container-demuxer-webm: 4f35f7cbe854078d1ac9338744f61a02 -> 
  custom:scripting/monoscript/fileName/UpdateReportDialog.cs: d1628edb27b556e9e45af714e1b3ce2e -> 087837d8f73228f1a817d0de82c77260
  custom:scripting/monoscript/fileName/LaunchCheckinConflictsDialog.cs: 90647cc400823b41df847a6cbfc29026 -> e2c1e3f8f4e14a62e4363fe6259adbc2
  custom:scripting/monoscript/fileName/CreateWorkspaceView.cs: 5e2ab9cfe81e04de31d18dbafae66b8c -> cbf3c69f5881e5d607955d2a7373572a
  custom:scripting/monoscript/fileName/NCalcParser.cs: db61961eecf05360f8f4faca73024b2f -> 8e26acbdb2328e839bb63f98d07bd324
  custom:scripting/monoscript/fileName/CheckinDialog.cs: 0cdf409b5aa8d4c25876d72b5c6a3b60 -> 702fdb8d0a3b4bfcb9ba109e71325cad
  custom:container-muxer-webm: aa71ff27fc2769a1b78a27578f13a17b -> 
  custom:scripting/monoscript/fileName/EditorProgressControls.cs: 90647cc400823b41df847a6cbfc29026 -> 2e606eb01a6e6a567f3de9a0379ed3ae
  custom:video-decoder-webm-vp8: 9c59270c3fd7afecdb556c50c9e8de78 -> 
  custom:scripting/monoscript/fileName/ChangesetsTab.cs: 0cdf409b5aa8d4c25876d72b5c6a3b60 -> 46dde8f7856048792ad2e75490bb8c5e
  custom:AudioImporter_EditorPlatform: d09bf68614088b80899f8185d706f6e7 -> 
  custom:scripting/monoscript/fileName/CreateOrganizationPanel.cs: 90647cc400823b41df847a6cbfc29026 -> bbfc737d286a85f982dda65d32a76753
  custom:scripting/monoscript/fileName/DiffPanel.cs: 90647cc400823b41df847a6cbfc29026 -> 210366dab3631628227b9406f87a9b7f
  custom:scripting/monoscript/fileName/ProgressOperationHandler.cs: 8da79525110cdcf421ce08e37577cfbc -> ec62666c0ca1649dd33cc6bc6834c6f7
  custom:scripting/monoscript/fileName/UnityPlasticTimer.cs: 0cdf409b5aa8d4c25876d72b5c6a3b60 -> 6c887e722e951c2964523825cad70c4c
  custom:scripting/monoscript/fileName/ConfirmContinueWithPendingChangesDialog.cs: 0fd6c484965f7cb9b268e798298a9886 -> 77462b1904ad8f6fee2f8da4523d59fe
  custom:scripting/monoscript/fileName/ChannelCertificateUiImpl.cs: 90647cc400823b41df847a6cbfc29026 -> cefccf1e13b7bcf15e3c9f2dd4cd2fc8
  custom:scripting/monoscript/fileName/RepositoryExplorerDialog.cs: 0cdf409b5aa8d4c25876d72b5c6a3b60 -> eea34924da79ad7254f3e141a891c78d
  custom:video-encoder-webm-vp8: eb34c28f22e8b96e1ab97ce403110664 -> 
  custom:scripting/monoscript/fileName/AutoLogin.cs: 90647cc400823b41df847a6cbfc29026 -> cac363a2d5471994de278e71f937b032
  custom:audio-decoder-ogg-vorbis: bf7c407c2cedff20999df2af8eb42d56 -> 
  custom:scripting/monoscript/fileName/LaunchDependenciesDialog.cs: 90647cc400823b41df847a6cbfc29026 -> 2cabf22eb95430074b6c730a84e03493
  custom:scripting/monoscript/fileName/CloudEditionWelcomeWindow.cs: c1777a498406cd95bc755aaf92ab946f -> b1721e471183956468462f6b64901640
  custom:scripting/monoscript/fileName/CredentialsUIImpl.cs: 90647cc400823b41df847a6cbfc29026 -> dbacf67c37819fd95562fe169e706732
  custom:scripting/monoscript/fileName/UnityPlasticGuiMessage.cs: 90647cc400823b41df847a6cbfc29026 -> 24eef0792e3802809607a7f9d04b8f1d
  custom:scripting/monoscript/fileName/BranchesTab.cs: 90647cc400823b41df847a6cbfc29026 -> 57c33f76c527a5aba4d269245ffff188
  custom:audio-encoder-webm-vorbis: bf7c407c2cedff20999df2af8eb42d56 -> 
========================================================================
Received Prepare
Begin MonoManager ReloadAssembly
Symbol file LoadedFromMemory doesn't match image D:\UnityHub\Unity Projects\Spider\Library\PackageCache\com.unity.visualscripting@1.8.0\Editor\VisualScripting.Core\Dependencies\YamlDotNet\Unity.VisualScripting.YamlDotNet.dll
Symbol file LoadedFromMemory doesn't match image D:\UnityHub\Unity Projects\Spider\Library\PackageCache\com.unity.visualscripting@1.8.0\Editor\VisualScripting.Core\Dependencies\DotNetZip\Unity.VisualScripting.IonicZip.dll
- Loaded All Assemblies, in  1.078 seconds
Refreshing native plugins compatible for Editor in 4.65 ms, found 4 plugins.
Native extension for WindowsStandalone target not found
Native extension for Android target not found
Mono: successfully reloaded assembly
- Finished resetting the current domain, in  1.122 seconds
Domain Reload Profiling:
	ReloadAssembly (333ms)
		BeginReloadAssembly (209ms)
			ExecutionOrderSort (0ms)
			DisableScriptedObjects (11ms)
			BackupInstance (0ms)
			ReleaseScriptingObjects (0ms)
			CreateAndSetChildDomain (61ms)
		LoadAllAssembliesAndSetupDomain (744ms)
			LoadAssemblies (381ms)
			RebuildTransferFunctionScriptingTraits (0ms)
			SetupTypeCache (458ms)
				TypeCache.Initialize (447ms)
					TypeCache.ScanAssembly (439ms)
				ResolveRequiredComponents (6ms)
		FinalizeReload (0ms)
			ReleaseScriptCaches (0ms)
			RebuildScriptCaches (0ms)
			SetupLoadedEditorAssemblies (484ms)
				LogAssemblyErrors (0ms)
				InitializePlatformSupportModulesInManaged (31ms)
				SetLoadedEditorAssemblies (4ms)
				RefreshPlugins (0ms)
				BeforeProcessingInitializeOnLoad (96ms)
				ProcessInitializeOnLoadAttributes (306ms)
				ProcessInitializeOnLoadMethodAttributes (42ms)
				AfterProcessingInitializeOnLoad (4ms)
				EditorAssembliesLoaded (0ms)
			ExecutionOrderSort2 (0ms)
			AwakeInstancesAfterBackupRestoration (13ms)
Refreshing native plugins compatible for Editor in 4.58 ms, found 4 plugins.
Preloading 0 native plugins for Editor in 0.00 ms.
Unloading 4258 Unused Serialized files (Serialized files now loaded: 0)
Unloading 41 unused Assets / (224.9 KB). Loaded Objects now: 4745.
Memory consumption went from 133.9 MB to 133.7 MB.
Total: 4.839300 ms (FindLiveObjects: 0.448600 ms CreateObjectMapping: 0.132400 ms MarkObjects: 3.975200 ms  DeleteObjects: 0.282100 ms)

Prepare: number of updated asset objects reloaded= 0
AssetImportParameters requested are different than current active one (requested -> active):
  custom:scripting/monoscript/fileName/IncomingChangesTab.cs: 8f6297df34271fdb1ce2d9607ec6261d -> af2f8b65a736cbc2c6197311f8f8caf3
  custom:scripting/monoscript/fileName/SSOSignUpPanel.cs: 90647cc400823b41df847a6cbfc29026 -> 00da4eb954d981fc242771326acec48d
  custom:scripting/monoscript/fileName/IncomingChangesNotifier.cs: 8f6297df34271fdb1ce2d9607ec6261d -> 10fad815611441fb3a805150421ed991
  custom:container-demuxer-ogg: 62fdf1f143b41e24485cea50d1cbac27 -> 
  custom:scripting/monoscript/fileName/ProgressControlsForDialogs.cs: a53f96815da50de15010b1c479bc70cf -> 7e6bd1727985204e3b64e1946e589b1c
  custom:scripting/monoscript/fileName/SSOCredentialsDialog.cs: 90647cc400823b41df847a6cbfc29026 -> e140ede12a96f68f30062138385171c3
  custom:scripting/monoscript/fileName/RepositoriesListView.cs: 90647cc400823b41df847a6cbfc29026 -> 95287f65338ca0073ad04002a16eaaf7
  custom:video-decoder-ogg-theora: a1e56fd34408186e4bbccfd4996cb3dc -> 
  custom:framework-win-MediaFoundation: 216162199b28c13a410421893ffa2e32 -> 
  custom:scripting/monoscript/fileName/ProgressControlsForViews.cs: 0cdf409b5aa8d4c25876d72b5c6a3b60 -> a8a18a90f46aa63848e1e45d8d7ff9af
  custom:scripting/monoscript/fileName/MissingEncryptionPasswordPromptHandler.cs: 90647cc400823b41df847a6cbfc29026 -> 5d7b9646eb14a39b6d3d5bab19d266ff
  custom:scripting/monoscript/fileName/NotificationBar.cs: 0cdf409b5aa8d4c25876d72b5c6a3b60 -> 0daf459fa0c4269b16bcc20cd072c021
  custom:scripting/monoscript/fileName/UnityThreadWaiter.cs: 0cdf409b5aa8d4c25876d72b5c6a3b60 -> 99333406d92d10003984b4d1920de2f9
  custom:scripting/monoscript/fileName/HistoryTab.cs: 90647cc400823b41df847a6cbfc29026 -> d57f000c65fde42a2228c7a105a836e5
  custom:scripting/monoscript/fileName/CreateRepositoryDialog.cs: 90647cc400823b41df847a6cbfc29026 -> 5cec3e66b09e0dbe1f805953c5c64af9
  custom:scripting/monoscript/fileName/ViewSwitcher.cs: 90647cc400823b41df847a6cbfc29026 -> 1700c042de8c16a5c0f6851d66df802a
  custom:container-demuxer-webm: 4f35f7cbe854078d1ac9338744f61a02 -> 
  custom:scripting/monoscript/fileName/UpdateReportDialog.cs: d1628edb27b556e9e45af714e1b3ce2e -> 087837d8f73228f1a817d0de82c77260
  custom:scripting/monoscript/fileName/LaunchCheckinConflictsDialog.cs: 90647cc400823b41df847a6cbfc29026 -> e2c1e3f8f4e14a62e4363fe6259adbc2
  custom:scripting/monoscript/fileName/CreateWorkspaceView.cs: 5e2ab9cfe81e04de31d18dbafae66b8c -> cbf3c69f5881e5d607955d2a7373572a
  custom:scripting/monoscript/fileName/NCalcParser.cs: db61961eecf05360f8f4faca73024b2f -> 8e26acbdb2328e839bb63f98d07bd324
  custom:scripting/monoscript/fileName/CheckinDialog.cs: 0cdf409b5aa8d4c25876d72b5c6a3b60 -> 702fdb8d0a3b4bfcb9ba109e71325cad
  custom:container-muxer-webm: aa71ff27fc2769a1b78a27578f13a17b -> 
  custom:scripting/monoscript/fileName/EditorProgressControls.cs: 90647cc400823b41df847a6cbfc29026 -> 2e606eb01a6e6a567f3de9a0379ed3ae
  custom:video-decoder-webm-vp8: 9c59270c3fd7afecdb556c50c9e8de78 -> 
  custom:scripting/monoscript/fileName/ChangesetsTab.cs: 0cdf409b5aa8d4c25876d72b5c6a3b60 -> 46dde8f7856048792ad2e75490bb8c5e
  custom:AudioImporter_EditorPlatform: d09bf68614088b80899f8185d706f6e7 -> 
  custom:scripting/monoscript/fileName/CreateOrganizationPanel.cs: 90647cc400823b41df847a6cbfc29026 -> bbfc737d286a85f982dda65d32a76753
  custom:scripting/monoscript/fileName/DiffPanel.cs: 90647cc400823b41df847a6cbfc29026 -> 210366dab3631628227b9406f87a9b7f
  custom:scripting/monoscript/fileName/ProgressOperationHandler.cs: 8da79525110cdcf421ce08e37577cfbc -> ec62666c0ca1649dd33cc6bc6834c6f7
  custom:scripting/monoscript/fileName/UnityPlasticTimer.cs: 0cdf409b5aa8d4c25876d72b5c6a3b60 -> 6c887e722e951c2964523825cad70c4c
  custom:scripting/monoscript/fileName/ConfirmContinueWithPendingChangesDialog.cs: 0fd6c484965f7cb9b268e798298a9886 -> 77462b1904ad8f6fee2f8da4523d59fe
  custom:scripting/monoscript/fileName/ChannelCertificateUiImpl.cs: 90647cc400823b41df847a6cbfc29026 -> cefccf1e13b7bcf15e3c9f2dd4cd2fc8
  custom:scripting/monoscript/fileName/RepositoryExplorerDialog.cs: 0cdf409b5aa8d4c25876d72b5c6a3b60 -> eea34924da79ad7254f3e141a891c78d
  custom:video-encoder-webm-vp8: eb34c28f22e8b96e1ab97ce403110664 -> 
  custom:scripting/monoscript/fileName/AutoLogin.cs: 90647cc400823b41df847a6cbfc29026 -> cac363a2d5471994de278e71f937b032
  custom:audio-decoder-ogg-vorbis: bf7c407c2cedff20999df2af8eb42d56 -> 
  custom:scripting/monoscript/fileName/LaunchDependenciesDialog.cs: 90647cc400823b41df847a6cbfc29026 -> 2cabf22eb95430074b6c730a84e03493
  custom:scripting/monoscript/fileName/CloudEditionWelcomeWindow.cs: c1777a498406cd95bc755aaf92ab946f -> b1721e471183956468462f6b64901640
  custom:scripting/monoscript/fileName/CredentialsUIImpl.cs: 90647cc400823b41df847a6cbfc29026 -> dbacf67c37819fd95562fe169e706732
  custom:scripting/monoscript/fileName/UnityPlasticGuiMessage.cs: 90647cc400823b41df847a6cbfc29026 -> 24eef0792e3802809607a7f9d04b8f1d
  custom:scripting/monoscript/fileName/BranchesTab.cs: 90647cc400823b41df847a6cbfc29026 -> 57c33f76c527a5aba4d269245ffff188
  custom:audio-encoder-webm-vorbis: bf7c407c2cedff20999df2af8eb42d56 -> 
========================================================================
Received Prepare
Begin MonoManager ReloadAssembly
Symbol file LoadedFromMemory doesn't match image D:\UnityHub\Unity Projects\Spider\Library\PackageCache\com.unity.visualscripting@1.8.0\Editor\VisualScripting.Core\Dependencies\YamlDotNet\Unity.VisualScripting.YamlDotNet.dll
Symbol file LoadedFromMemory doesn't match image D:\UnityHub\Unity Projects\Spider\Library\PackageCache\com.unity.visualscripting@1.8.0\Editor\VisualScripting.Core\Dependencies\DotNetZip\Unity.VisualScripting.IonicZip.dll
- Loaded All Assemblies, in  1.112 seconds
Refreshing native plugins compatible for Editor in 5.06 ms, found 4 plugins.
Native extension for WindowsStandalone target not found
Native extension for Android target not found
Mono: successfully reloaded assembly
- Finished resetting the current domain, in  1.650 seconds
Domain Reload Profiling:
	ReloadAssembly (333ms)
		BeginReloadAssembly (201ms)
			ExecutionOrderSort (0ms)
			DisableScriptedObjects (9ms)
			BackupInstance (0ms)
			ReleaseScriptingObjects (0ms)
			CreateAndSetChildDomain (59ms)
		LoadAllAssembliesAndSetupDomain (777ms)
			LoadAssemblies (371ms)
			RebuildTransferFunctionScriptingTraits (0ms)
			SetupTypeCache (493ms)
				TypeCache.Initialize (483ms)
					TypeCache.ScanAssembly (472ms)
				ResolveRequiredComponents (9ms)
		FinalizeReload (0ms)
			ReleaseScriptCaches (0ms)
			RebuildScriptCaches (0ms)
			SetupLoadedEditorAssemblies (766ms)
				LogAssemblyErrors (0ms)
				InitializePlatformSupportModulesInManaged (42ms)
				SetLoadedEditorAssemblies (7ms)
				RefreshPlugins (0ms)
				BeforeProcessingInitializeOnLoad (137ms)
				ProcessInitializeOnLoadAttributes (507ms)
				ProcessInitializeOnLoadMethodAttributes (68ms)
				AfterProcessingInitializeOnLoad (6ms)
				EditorAssembliesLoaded (1ms)
			ExecutionOrderSort2 (0ms)
			AwakeInstancesAfterBackupRestoration (18ms)
Refreshing native plugins compatible for Editor in 7.71 ms, found 4 plugins.
Preloading 0 native plugins for Editor in 0.00 ms.
Unloading 4258 Unused Serialized files (Serialized files now loaded: 0)
Unloading 41 unused Assets / (224.5 KB). Loaded Objects now: 4748.
Memory consumption went from 133.9 MB to 133.7 MB.
Total: 6.381700 ms (FindLiveObjects: 0.479800 ms CreateObjectMapping: 0.193900 ms MarkObjects: 5.204100 ms  DeleteObjects: 0.501400 ms)

Prepare: number of updated asset objects reloaded= 0
AssetImportParameters requested are different than current active one (requested -> active):
  custom:scripting/monoscript/fileName/IncomingChangesTab.cs: 8f6297df34271fdb1ce2d9607ec6261d -> af2f8b65a736cbc2c6197311f8f8caf3
  custom:scripting/monoscript/fileName/SSOSignUpPanel.cs: 90647cc400823b41df847a6cbfc29026 -> 00da4eb954d981fc242771326acec48d
  custom:scripting/monoscript/fileName/IncomingChangesNotifier.cs: 8f6297df34271fdb1ce2d9607ec6261d -> 10fad815611441fb3a805150421ed991
  custom:container-demuxer-ogg: 62fdf1f143b41e24485cea50d1cbac27 -> 
  custom:scripting/monoscript/fileName/ProgressControlsForDialogs.cs: a53f96815da50de15010b1c479bc70cf -> 7e6bd1727985204e3b64e1946e589b1c
  custom:scripting/monoscript/fileName/SSOCredentialsDialog.cs: 90647cc400823b41df847a6cbfc29026 -> e140ede12a96f68f30062138385171c3
  custom:scripting/monoscript/fileName/RepositoriesListView.cs: 90647cc400823b41df847a6cbfc29026 -> 95287f65338ca0073ad04002a16eaaf7
  custom:video-decoder-ogg-theora: a1e56fd34408186e4bbccfd4996cb3dc -> 
  custom:framework-win-MediaFoundation: 216162199b28c13a410421893ffa2e32 -> 
  custom:scripting/monoscript/fileName/ProgressControlsForViews.cs: 0cdf409b5aa8d4c25876d72b5c6a3b60 -> a8a18a90f46aa63848e1e45d8d7ff9af
  custom:scripting/monoscript/fileName/MissingEncryptionPasswordPromptHandler.cs: 90647cc400823b41df847a6cbfc29026 -> 5d7b9646eb14a39b6d3d5bab19d266ff
  custom:scripting/monoscript/fileName/NotificationBar.cs: 0cdf409b5aa8d4c25876d72b5c6a3b60 -> 0daf459fa0c4269b16bcc20cd072c021
  custom:scripting/monoscript/fileName/UnityThreadWaiter.cs: 0cdf409b5aa8d4c25876d72b5c6a3b60 -> 99333406d92d10003984b4d1920de2f9
  custom:scripting/monoscript/fileName/HistoryTab.cs: 90647cc400823b41df847a6cbfc29026 -> d57f000c65fde42a2228c7a105a836e5
  custom:scripting/monoscript/fileName/CreateRepositoryDialog.cs: 90647cc400823b41df847a6cbfc29026 -> 5cec3e66b09e0dbe1f805953c5c64af9
  custom:scripting/monoscript/fileName/ViewSwitcher.cs: 90647cc400823b41df847a6cbfc29026 -> 1700c042de8c16a5c0f6851d66df802a
  custom:container-demuxer-webm: 4f35f7cbe854078d1ac9338744f61a02 -> 
  custom:scripting/monoscript/fileName/UpdateReportDialog.cs: d1628edb27b556e9e45af714e1b3ce2e -> 087837d8f73228f1a817d0de82c77260
  custom:scripting/monoscript/fileName/LaunchCheckinConflictsDialog.cs: 90647cc400823b41df847a6cbfc29026 -> e2c1e3f8f4e14a62e4363fe6259adbc2
  custom:scripting/monoscript/fileName/CreateWorkspaceView.cs: 5e2ab9cfe81e04de31d18dbafae66b8c -> cbf3c69f5881e5d607955d2a7373572a
  custom:scripting/monoscript/fileName/NCalcParser.cs: db61961eecf05360f8f4faca73024b2f -> 8e26acbdb2328e839bb63f98d07bd324
  custom:scripting/monoscript/fileName/CheckinDialog.cs: 0cdf409b5aa8d4c25876d72b5c6a3b60 -> 702fdb8d0a3b4bfcb9ba109e71325cad
  custom:container-muxer-webm: aa71ff27fc2769a1b78a27578f13a17b -> 
  custom:scripting/monoscript/fileName/EditorProgressControls.cs: 90647cc400823b41df847a6cbfc29026 -> 2e606eb01a6e6a567f3de9a0379ed3ae
  custom:video-decoder-webm-vp8: 9c59270c3fd7afecdb556c50c9e8de78 -> 
  custom:scripting/monoscript/fileName/ChangesetsTab.cs: 0cdf409b5aa8d4c25876d72b5c6a3b60 -> 46dde8f7856048792ad2e75490bb8c5e
  custom:AudioImporter_EditorPlatform: d09bf68614088b80899f8185d706f6e7 -> 
  custom:scripting/monoscript/fileName/CreateOrganizationPanel.cs: 90647cc400823b41df847a6cbfc29026 -> bbfc737d286a85f982dda65d32a76753
  custom:scripting/monoscript/fileName/DiffPanel.cs: 90647cc400823b41df847a6cbfc29026 -> 210366dab3631628227b9406f87a9b7f
  custom:scripting/monoscript/fileName/ProgressOperationHandler.cs: 8da79525110cdcf421ce08e37577cfbc -> ec62666c0ca1649dd33cc6bc6834c6f7
  custom:scripting/monoscript/fileName/UnityPlasticTimer.cs: 0cdf409b5aa8d4c25876d72b5c6a3b60 -> 6c887e722e951c2964523825cad70c4c
  custom:scripting/monoscript/fileName/ConfirmContinueWithPendingChangesDialog.cs: 0fd6c484965f7cb9b268e798298a9886 -> 77462b1904ad8f6fee2f8da4523d59fe
  custom:scripting/monoscript/fileName/ChannelCertificateUiImpl.cs: 90647cc400823b41df847a6cbfc29026 -> cefccf1e13b7bcf15e3c9f2dd4cd2fc8
  custom:scripting/monoscript/fileName/RepositoryExplorerDialog.cs: 0cdf409b5aa8d4c25876d72b5c6a3b60 -> eea34924da79ad7254f3e141a891c78d
  custom:video-encoder-webm-vp8: eb34c28f22e8b96e1ab97ce403110664 -> 
  custom:scripting/monoscript/fileName/AutoLogin.cs: 90647cc400823b41df847a6cbfc29026 -> cac363a2d5471994de278e71f937b032
  custom:audio-decoder-ogg-vorbis: bf7c407c2cedff20999df2af8eb42d56 -> 
  custom:scripting/monoscript/fileName/LaunchDependenciesDialog.cs: 90647cc400823b41df847a6cbfc29026 -> 2cabf22eb95430074b6c730a84e03493
  custom:scripting/monoscript/fileName/CloudEditionWelcomeWindow.cs: c1777a498406cd95bc755aaf92ab946f -> b1721e471183956468462f6b64901640
  custom:scripting/monoscript/fileName/CredentialsUIImpl.cs: 90647cc400823b41df847a6cbfc29026 -> dbacf67c37819fd95562fe169e706732
  custom:scripting/monoscript/fileName/UnityPlasticGuiMessage.cs: 90647cc400823b41df847a6cbfc29026 -> 24eef0792e3802809607a7f9d04b8f1d
  custom:scripting/monoscript/fileName/BranchesTab.cs: 90647cc400823b41df847a6cbfc29026 -> 57c33f76c527a5aba4d269245ffff188
  custom:audio-encoder-webm-vorbis: bf7c407c2cedff20999df2af8eb42d56 -> 
========================================================================
Received Prepare
Begin MonoManager ReloadAssembly
Symbol file LoadedFromMemory doesn't match image D:\UnityHub\Unity Projects\Spider\Library\PackageCache\com.unity.visualscripting@1.8.0\Editor\VisualScripting.Core\Dependencies\YamlDotNet\Unity.VisualScripting.YamlDotNet.dll
Symbol file LoadedFromMemory doesn't match image D:\UnityHub\Unity Projects\Spider\Library\PackageCache\com.unity.visualscripting@1.8.0\Editor\VisualScripting.Core\Dependencies\DotNetZip\Unity.VisualScripting.IonicZip.dll
- Loaded All Assemblies, in  3.215 seconds
Refreshing native plugins compatible for Editor in 36.18 ms, found 4 plugins.
